生成启动时间为 2018-11-18 19:00:39。
     1>项目“C:\GitHub\live555project\BasicUsageEnvironment\BasicUsageEnvironment.vcxproj”在节点 2 上(Rebuild 个目标)。
     1>ClCompile:
         C:\Program Files (x86)\Microsoft Visual Studio 12.0\VC\bin\CL.exe /c /ZI /nologo /W3 /WX- /sdl /Od /Oy- /D WIN32 /D _DEBUG /D _LIB /D _CRT_SECURE_NO_DEPRECATE /D _WINSOCK_DEPRECATED_NO_WARNINGS /D _UNICODE /D UNICODE /Gm /EHsc /RTC1 /MDd /GS /fp:precise /Zc:wchar_t /Zc:forScope /Fo"Debug\\" /Fd"Debug\vc120.pdb" /Gd /TP /analyze- /errorReport:prompt BasicHashTable.cpp BasicTaskScheduler.cpp BasicTaskScheduler0.cpp BasicUsageEnvironment.cpp BasicUsageEnvironment0.cpp DelayQueue.cpp
         DelayQueue.cpp
         BasicUsageEnvironment0.cpp
         BasicUsageEnvironment.cpp
         BasicTaskScheduler0.cpp
         BasicTaskScheduler.cpp
         BasicHashTable.cpp
         正在生成代码...
       Lib:
         C:\Program Files (x86)\Microsoft Visual Studio 12.0\VC\bin\Lib.exe /OUT:"C:\GitHub\live555project\Debug\BasicUsageEnvironment.lib" /NOLOGO Debug\BasicHashTable.obj
         Debug\BasicTaskScheduler.obj
         Debug\BasicTaskScheduler0.obj
         Debug\BasicUsageEnvironment.obj
         Debug\BasicUsageEnvironment0.obj
         Debug\DelayQueue.obj
         BasicUsageEnvironment.vcxproj -> C:\GitHub\live555project\Debug\BasicUsageEnvironment.lib
     1>已完成生成项目“C:\GitHub\live555project\BasicUsageEnvironment\BasicUsageEnvironment.vcxproj”(Rebuild 个目标)的操作。

生成成功。

已用时间 00:00:02.09
