c:\github\live555project\livemedia\debug\vc120.pdb
c:\github\live555project\livemedia\debug\vc120.idb
c:\github\live555project\livemedia\debug\simplertpsink.obj
c:\github\live555project\livemedia\debug\simplertpsource.obj
c:\github\live555project\livemedia\debug\sipclient.obj
c:\github\live555project\livemedia\debug\streamparser.obj
c:\github\live555project\livemedia\debug\streamreplicator.obj
c:\github\live555project\livemedia\debug\t140textrtpsink.obj
c:\github\live555project\livemedia\debug\tcpstreamsink.obj
c:\github\live555project\livemedia\debug\textrtpsink.obj
c:\github\live555project\livemedia\debug\theoravideortpsink.obj
c:\github\live555project\livemedia\debug\theoravideortpsource.obj
c:\github\live555project\livemedia\debug\ulawaudiofilter.obj
c:\github\live555project\livemedia\debug\videortpsink.obj
c:\github\live555project\livemedia\debug\vorbisaudiortpsink.obj
c:\github\live555project\livemedia\debug\vorbisaudiortpsource.obj
c:\github\live555project\livemedia\debug\vp8videortpsink.obj
c:\github\live555project\livemedia\debug\vp8videortpsource.obj
c:\github\live555project\livemedia\debug\vp9videortpsink.obj
c:\github\live555project\livemedia\debug\vp9videortpsource.obj
c:\github\live555project\livemedia\debug\wavaudiofileservermediasubsession.obj
c:\github\live555project\livemedia\debug\wavaudiofilesource.obj
c:\github\live555project\livemedia\debug\ourmd5.obj
c:\github\live555project\livemedia\debug\outputfile.obj
c:\github\live555project\livemedia\debug\passiveservermediasubsession.obj
c:\github\live555project\livemedia\debug\proxyservermediasession.obj
c:\github\live555project\livemedia\debug\qcelpaudiortpsource.obj
c:\github\live555project\livemedia\debug\quicktimefilesink.obj
c:\github\live555project\livemedia\debug\quicktimegenericrtpsource.obj
c:\github\live555project\livemedia\debug\rawvideortpsink.obj
c:\github\live555project\livemedia\debug\rawvideortpsource.obj
c:\github\live555project\livemedia\debug\rtcp.obj
c:\github\live555project\livemedia\debug\rtpinterface.obj
c:\github\live555project\livemedia\debug\rtpsink.obj
c:\github\live555project\livemedia\debug\rtpsource.obj
c:\github\live555project\livemedia\debug\rtspclient.obj
c:\github\live555project\livemedia\debug\rtspcommon.obj
c:\github\live555project\livemedia\debug\rtspregistersender.obj
c:\github\live555project\livemedia\debug\rtspserver.obj
c:\github\live555project\livemedia\debug\rtspserverregister.obj
c:\github\live555project\livemedia\debug\rtspserversupportinghttpstreaming.obj
c:\github\live555project\livemedia\debug\servermediasession.obj
c:\github\live555project\livemedia\debug\mpeg4esvideortpsink.obj
c:\github\live555project\livemedia\debug\mpeg4esvideortpsource.obj
c:\github\live555project\livemedia\debug\mpeg4genericrtpsink.obj
c:\github\live555project\livemedia\debug\mpeg4genericrtpsource.obj
c:\github\live555project\livemedia\debug\mpeg4latmaudiortpsink.obj
c:\github\live555project\livemedia\debug\mpeg4latmaudiortpsource.obj
c:\github\live555project\livemedia\debug\mpeg4videofileservermediasubsession.obj
c:\github\live555project\livemedia\debug\mpeg4videostreamdiscreteframer.obj
c:\github\live555project\livemedia\debug\mpeg4videostreamframer.obj
c:\github\live555project\livemedia\debug\mpegvideostreamframer.obj
c:\github\live555project\livemedia\debug\mpegvideostreamparser.obj
c:\github\live555project\livemedia\debug\multiframedrtpsink.obj
c:\github\live555project\livemedia\debug\multiframedrtpsource.obj
c:\github\live555project\livemedia\debug\oggdemuxedtrack.obj
c:\github\live555project\livemedia\debug\oggfile.obj
c:\github\live555project\livemedia\debug\oggfileparser.obj
c:\github\live555project\livemedia\debug\oggfileserverdemux.obj
c:\github\live555project\livemedia\debug\oggfileservermediasubsession.obj
c:\github\live555project\livemedia\debug\oggfilesink.obj
c:\github\live555project\livemedia\debug\ondemandservermediasubsession.obj
c:\github\live555project\livemedia\debug\mpeg1or2audiostreamframer.obj
c:\github\live555project\livemedia\debug\mpeg1or2demux.obj
c:\github\live555project\livemedia\debug\mpeg1or2demuxedelementarystream.obj
c:\github\live555project\livemedia\debug\mpeg1or2demuxedservermediasubsession.obj
c:\github\live555project\livemedia\debug\mpeg1or2fileserverdemux.obj
c:\github\live555project\livemedia\debug\mpeg1or2videofileservermediasubsession.obj
c:\github\live555project\livemedia\debug\mpeg1or2videortpsink.obj
c:\github\live555project\livemedia\debug\mpeg1or2videortpsource.obj
c:\github\live555project\livemedia\debug\mpeg1or2videostreamdiscreteframer.obj
c:\github\live555project\livemedia\debug\mpeg1or2videostreamframer.obj
c:\github\live555project\livemedia\debug\mpeg2indexfromtransportstream.obj
c:\github\live555project\livemedia\debug\mpeg2transportfileservermediasubsession.obj
c:\github\live555project\livemedia\debug\mpeg2transportstreamaccumulator.obj
c:\github\live555project\livemedia\debug\mpeg2transportstreamframer.obj
c:\github\live555project\livemedia\debug\mpeg2transportstreamfromessource.obj
c:\github\live555project\livemedia\debug\mpeg2transportstreamfrompessource.obj
c:\github\live555project\livemedia\debug\mpeg2transportstreamindexfile.obj
c:\github\live555project\livemedia\debug\mpeg2transportstreammultiplexor.obj
c:\github\live555project\livemedia\debug\mpeg2transportstreamtrickmodefilter.obj
c:\github\live555project\livemedia\debug\mpeg2transportudpservermediasubsession.obj
c:\github\live555project\livemedia\debug\media.obj
c:\github\live555project\livemedia\debug\mediasession.obj
c:\github\live555project\livemedia\debug\mediasink.obj
c:\github\live555project\livemedia\debug\mediasource.obj
c:\github\live555project\livemedia\debug\mp3adu.obj
c:\github\live555project\livemedia\debug\mp3adudescriptor.obj
c:\github\live555project\livemedia\debug\mp3aduinterleaving.obj
c:\github\live555project\livemedia\debug\mp3adurtpsink.obj
c:\github\live555project\livemedia\debug\mp3adurtpsource.obj
c:\github\live555project\livemedia\debug\mp3adutranscoder.obj
c:\github\live555project\livemedia\debug\mp3audiofileservermediasubsession.obj
c:\github\live555project\livemedia\debug\mp3audiomatroskafileservermediasubsession.obj
c:\github\live555project\livemedia\debug\mp3filesource.obj
c:\github\live555project\livemedia\debug\mp3internals.obj
c:\github\live555project\livemedia\debug\mp3internalshuffman.obj
c:\github\live555project\livemedia\debug\mp3internalshuffmantable.obj
c:\github\live555project\livemedia\debug\mp3streamstate.obj
c:\github\live555project\livemedia\debug\mp3transcoder.obj
c:\github\live555project\livemedia\debug\mpeg1or2audiortpsink.obj
c:\github\live555project\livemedia\debug\mpeg1or2audiortpsource.obj
c:\github\live555project\livemedia\debug\h264videortpsink.obj
c:\github\live555project\livemedia\debug\h264videortpsource.obj
c:\github\live555project\livemedia\debug\h264videostreamdiscreteframer.obj
c:\github\live555project\livemedia\debug\h264videostreamframer.obj
c:\github\live555project\livemedia\debug\h265videofileservermediasubsession.obj
c:\github\live555project\livemedia\debug\h265videofilesink.obj
c:\github\live555project\livemedia\debug\h265videortpsink.obj
c:\github\live555project\livemedia\debug\h265videortpsource.obj
c:\github\live555project\livemedia\debug\h265videostreamdiscreteframer.obj
c:\github\live555project\livemedia\debug\h265videostreamframer.obj
c:\github\live555project\livemedia\debug\inputfile.obj
c:\github\live555project\livemedia\debug\jpegvideortpsink.obj
c:\github\live555project\livemedia\debug\jpegvideortpsource.obj
c:\github\live555project\livemedia\debug\jpegvideosource.obj
c:\github\live555project\livemedia\debug\locale.obj
c:\github\live555project\livemedia\debug\matroskademuxedtrack.obj
c:\github\live555project\livemedia\debug\matroskafile.obj
c:\github\live555project\livemedia\debug\matroskafileparser.obj
c:\github\live555project\livemedia\debug\matroskafileserverdemux.obj
c:\github\live555project\livemedia\debug\matroskafileservermediasubsession.obj
c:\github\live555project\livemedia\debug\ebmlnumber.obj
c:\github\live555project\livemedia\debug\fileservermediasubsession.obj
c:\github\live555project\livemedia\debug\filesink.obj
c:\github\live555project\livemedia\debug\framedfilesource.obj
c:\github\live555project\livemedia\debug\framedfilter.obj
c:\github\live555project\livemedia\debug\framedsource.obj
c:\github\live555project\livemedia\debug\genericmediaserver.obj
c:\github\live555project\livemedia\debug\gsmaudiortpsink.obj
c:\github\live555project\livemedia\debug\h261videortpsource.obj
c:\github\live555project\livemedia\debug\h263plusvideofileservermediasubsession.obj
c:\github\live555project\livemedia\debug\h263plusvideortpsink.obj
c:\github\live555project\livemedia\debug\h263plusvideortpsource.obj
c:\github\live555project\livemedia\debug\h263plusvideostreamframer.obj
c:\github\live555project\livemedia\debug\h263plusvideostreamparser.obj
c:\github\live555project\livemedia\debug\h264or5videofilesink.obj
c:\github\live555project\livemedia\debug\h264or5videortpsink.obj
c:\github\live555project\livemedia\debug\h264or5videostreamdiscreteframer.obj
c:\github\live555project\livemedia\debug\h264or5videostreamframer.obj
c:\github\live555project\livemedia\debug\h264videofileservermediasubsession.obj
c:\github\live555project\livemedia\debug\h264videofilesink.obj
c:\github\live555project\livemedia\debug\amraudiofilesource.obj
c:\github\live555project\livemedia\debug\amraudiortpsink.obj
c:\github\live555project\livemedia\debug\amraudiortpsource.obj
c:\github\live555project\livemedia\debug\amraudiosource.obj
c:\github\live555project\livemedia\debug\audioinputdevice.obj
c:\github\live555project\livemedia\debug\audiortpsink.obj
c:\github\live555project\livemedia\debug\avifilesink.obj
c:\github\live555project\livemedia\debug\base64.obj
c:\github\live555project\livemedia\debug\basicudpsink.obj
c:\github\live555project\livemedia\debug\basicudpsource.obj
c:\github\live555project\livemedia\debug\bitvector.obj
c:\github\live555project\livemedia\debug\bytestreamfilesource.obj
c:\github\live555project\livemedia\debug\bytestreammemorybuffersource.obj
c:\github\live555project\livemedia\debug\bytestreammultifilesource.obj
c:\github\live555project\livemedia\debug\devicesource.obj
c:\github\live555project\livemedia\debug\digestauthentication.obj
c:\github\live555project\livemedia\debug\dvvideofileservermediasubsession.obj
c:\github\live555project\livemedia\debug\dvvideortpsink.obj
c:\github\live555project\livemedia\debug\dvvideortpsource.obj
c:\github\live555project\livemedia\debug\dvvideostreamframer.obj
c:\github\live555project\livemedia\debug\ac3audiofileservermediasubsession.obj
c:\github\live555project\livemedia\debug\ac3audiortpsink.obj
c:\github\live555project\livemedia\debug\ac3audiortpsource.obj
c:\github\live555project\livemedia\debug\ac3audiostreamframer.obj
c:\github\live555project\livemedia\debug\adtsaudiofileservermediasubsession.obj
c:\github\live555project\livemedia\debug\adtsaudiofilesource.obj
c:\github\live555project\livemedia\debug\amraudiofileservermediasubsession.obj
c:\github\live555project\livemedia\debug\amraudiofilesink.obj
c:\github\live555project\livemedia\debug\rtcp_from_spec.obj
c:\github\live555project\debug\livemedia.lib
c:\github\live555project\livemedia\debug\livemedia.tlog\cl.command.1.tlog
c:\github\live555project\livemedia\debug\livemedia.tlog\cl.read.1.tlog
c:\github\live555project\livemedia\debug\livemedia.tlog\cl.write.1.tlog
c:\github\live555project\livemedia\debug\livemedia.tlog\lib-link.read.1.tlog
c:\github\live555project\livemedia\debug\livemedia.tlog\lib-link.write.1.tlog
c:\github\live555project\livemedia\debug\livemedia.tlog\lib.command.1.tlog
