生成启动时间为 2018-11-18 18:25:25。
     1>项目“C:\GitHub\live555project\liveMedia\liveMedia.vcxproj”在节点 5 上(Rebuild 个目标)。
     1>ClCompile:
         C:\Program Files (x86)\Microsoft Visual Studio 12.0\VC\bin\CL.exe /c /ZI /nologo /W3 /WX- /sdl /Od /Oy- /D WIN32 /D _DEBUG /D _LIB /D _CRT_SECURE_NO_DEPRECATE /D _WINSOCK_DEPRECATED_NO_WARNINGS /D _UNICODE /D UNICODE /Gm /EHsc /RTC1 /MDd /GS /fp:precise /Zc:wchar_t /Zc:forScope /Fo"Debug\\" /Fd"Debug\vc120.pdb" /Gd /TP /analyze- /errorReport:prompt AC3AudioFileServerMediaSubsession.cpp AC3AudioRTPSink.cpp AC3AudioRTPSource.cpp AC3AudioStreamFramer.cpp ADTSAudioFileServerMediaSubsession.cpp ADTSAudioFileSource.cpp AMRAudioFileServerMediaSubsession.cpp AMRAudioFileSink.cpp AMRAudioFileSource.cpp AMRAudioRTPSink.cpp AMRAudioRTPSource.cpp AMRAudioSource.cpp AudioInputDevice.cpp AudioRTPSink.cpp AVIFileSink.cpp Base64.cpp BasicUDPSink.cpp BasicUDPSource.cpp BitVector.cpp ByteStreamFileSource.cpp ByteStreamMemoryBufferSource.cpp ByteStreamMultiFileSource.cpp DeviceSource.cpp DigestAuthentication.cpp DVVideoFileServerMediaSubsession.cpp DVVideoRTPSink.cpp DVVideoRTPSource.cpp DVVideoStreamFramer.cpp EBMLNumber.cpp FileServerMediaSubsession.cpp FileSink.cpp FramedFileSource.cpp FramedFilter.cpp FramedSource.cpp GenericMediaServer.cpp GSMAudioRTPSink.cpp H261VideoRTPSource.cpp H263plusVideoFileServerMediaSubsession.cpp H263plusVideoRTPSink.cpp H263plusVideoRTPSource.cpp H263plusVideoStreamFramer.cpp H263plusVideoStreamParser.cpp H264or5VideoFileSink.cpp H264or5VideoRTPSink.cpp H264or5VideoStreamDiscreteFramer.cpp H264or5VideoStreamFramer.cpp H264VideoFileServerMediaSubsession.cpp H264VideoFileSink.cpp H264VideoRTPSink.cpp H264VideoRTPSource.cpp H264VideoStreamDiscreteFramer.cpp H264VideoStreamFramer.cpp H265VideoFileServerMediaSubsession.cpp H265VideoFileSink.cpp H265VideoRTPSink.cpp H265VideoRTPSource.cpp H265VideoStreamDiscreteFramer.cpp H265VideoStreamFramer.cpp InputFile.cpp JPEGVideoRTPSink.cpp JPEGVideoRTPSource.cpp JPEGVideoSource.cpp Locale.cpp MatroskaDemuxedTrack.cpp MatroskaFile.cpp MatroskaFileParser.cpp MatroskaFileServerDemux.cpp MatroskaFileServerMediaSubsession.cpp Media.cpp MediaSession.cpp MediaSink.cpp MediaSource.cpp MP3ADU.cpp MP3ADUdescriptor.cpp MP3ADUinterleaving.cpp MP3ADURTPSink.cpp MP3ADURTPSource.cpp MP3ADUTranscoder.cpp MP3AudioFileServerMediaSubsession.cpp MP3AudioMatroskaFileServerMediaSubsession.cpp MP3FileSource.cpp MP3Internals.cpp MP3InternalsHuffman.cpp MP3InternalsHuffmanTable.cpp MP3StreamState.cpp MP3Transcoder.cpp MPEG1or2AudioRTPSink.cpp MPEG1or2AudioRTPSource.cpp MPEG1or2AudioStreamFramer.cpp MPEG1or2Demux.cpp MPEG1or2DemuxedElementaryStream.cpp MPEG1or2DemuxedServerMediaSubsession.cpp MPEG1or2FileServerDemux.cpp MPEG1or2VideoFileServerMediaSubsession.cpp MPEG1or2VideoRTPSink.cpp MPEG1or2VideoRTPSource.cpp MPEG1or2VideoStreamDiscreteFramer.cpp MPEG1or2VideoStreamFramer.cpp MPEG2IndexFromTransportStream.cpp MPEG2TransportFileServerMediaSubsession.cpp MPEG2TransportStreamAccumulator.cpp MPEG2TransportStreamFramer.cpp MPEG2TransportStreamFromESSource.cpp MPEG2TransportStreamFromPESSource.cpp MPEG2TransportStreamIndexFile.cpp MPEG2TransportStreamMultiplexor.cpp MPEG2TransportStreamTrickModeFilter.cpp MPEG2TransportUDPServerMediaSubsession.cpp MPEG4ESVideoRTPSink.cpp MPEG4ESVideoRTPSource.cpp MPEG4GenericRTPSink.cpp MPEG4GenericRTPSource.cpp MPEG4LATMAudioRTPSink.cpp MPEG4LATMAudioRTPSource.cpp MPEG4VideoFileServerMediaSubsession.cpp MPEG4VideoStreamDiscreteFramer.cpp MPEG4VideoStreamFramer.cpp MPEGVideoStreamFramer.cpp MPEGVideoStreamParser.cpp MultiFramedRTPSink.cpp MultiFramedRTPSource.cpp OggDemuxedTrack.cpp OggFile.cpp OggFileParser.cpp OggFileServerDemux.cpp OggFileServerMediaSubsession.cpp OggFileSink.cpp OnDemandServerMediaSubsession.cpp ourMD5.cpp OutputFile.cpp PassiveServerMediaSubsession.cpp ProxyServerMediaSession.cpp QCELPAudioRTPSource.cpp QuickTimeFileSink.cpp QuickTimeGenericRTPSource.cpp RawVideoRTPSink.cpp RawVideoRTPSource.cpp RTCP.cpp RTPInterface.cpp RTPSink.cpp RTPSource.cpp RTSPClient.cpp RTSPCommon.cpp RTSPRegisterSender.cpp RTSPServer.cpp RTSPServerRegister.cpp RTSPServerSupportingHTTPStreaming.cpp ServerMediaSession.cpp SimpleRTPSink.cpp SimpleRTPSource.cpp SIPClient.cpp StreamParser.cpp StreamReplicator.cpp T140TextRTPSink.cpp TCPStreamSink.cpp TextRTPSink.cpp TheoraVideoRTPSink.cpp TheoraVideoRTPSource.cpp uLawAudioFilter.cpp VideoRTPSink.cpp VorbisAudioRTPSink.cpp VorbisAudioRTPSource.cpp VP8VideoRTPSink.cpp VP8VideoRTPSource.cpp VP9VideoRTPSink.cpp VP9VideoRTPSource.cpp WAVAudioFileServerMediaSubsession.cpp WAVAudioFileSource.cpp
         WAVAudioFileSource.cpp
         WAVAudioFileServerMediaSubsession.cpp
         VP9VideoRTPSource.cpp
         VP9VideoRTPSink.cpp
         VP8VideoRTPSource.cpp
         VP8VideoRTPSink.cpp
         VorbisAudioRTPSource.cpp
         VorbisAudioRTPSink.cpp
         VideoRTPSink.cpp
         uLawAudioFilter.cpp
         TheoraVideoRTPSource.cpp
         TheoraVideoRTPSink.cpp
         TextRTPSink.cpp
         TCPStreamSink.cpp
         T140TextRTPSink.cpp
         StreamReplicator.cpp
         StreamParser.cpp
         SIPClient.cpp
         SimpleRTPSource.cpp
         SimpleRTPSink.cpp
         正在生成代码...
         正在编译...
         ServerMediaSession.cpp
         RTSPServerSupportingHTTPStreaming.cpp
         RTSPServerRegister.cpp
         RTSPServer.cpp
         RTSPRegisterSender.cpp
         RTSPCommon.cpp
         RTSPClient.cpp
         RTPSource.cpp
         RTPSink.cpp
         RTPInterface.cpp
         RTCP.cpp
         RawVideoRTPSource.cpp
     1>c:\github\live555project\livemedia\rawvideortpsource.cpp(111): warning C4800: “int”: 将值强制为布尔值“true”或“false”(性能警告)
         RawVideoRTPSink.cpp
         QuickTimeGenericRTPSource.cpp
         QuickTimeFileSink.cpp
         QCELPAudioRTPSource.cpp
         ProxyServerMediaSession.cpp
         PassiveServerMediaSubsession.cpp
         OutputFile.cpp
         ourMD5.cpp
         正在生成代码...
         正在编译...
         OnDemandServerMediaSubsession.cpp
         OggFileSink.cpp
         OggFileServerMediaSubsession.cpp
         OggFileServerDemux.cpp
         OggFileParser.cpp
         OggFile.cpp
         OggDemuxedTrack.cpp
         MultiFramedRTPSource.cpp
         MultiFramedRTPSink.cpp
         MPEGVideoStreamParser.cpp
         MPEGVideoStreamFramer.cpp
         MPEG4VideoStreamFramer.cpp
         MPEG4VideoStreamDiscreteFramer.cpp
         MPEG4VideoFileServerMediaSubsession.cpp
         MPEG4LATMAudioRTPSource.cpp
         MPEG4LATMAudioRTPSink.cpp
         MPEG4GenericRTPSource.cpp
         MPEG4GenericRTPSink.cpp
         MPEG4ESVideoRTPSource.cpp
         MPEG4ESVideoRTPSink.cpp
         正在生成代码...
         正在编译...
         MPEG2TransportUDPServerMediaSubsession.cpp
         MPEG2TransportStreamTrickModeFilter.cpp
         MPEG2TransportStreamMultiplexor.cpp
         MPEG2TransportStreamIndexFile.cpp
         MPEG2TransportStreamFromPESSource.cpp
         MPEG2TransportStreamFromESSource.cpp
         MPEG2TransportStreamFramer.cpp
         MPEG2TransportStreamAccumulator.cpp
         MPEG2TransportFileServerMediaSubsession.cpp
         MPEG2IndexFromTransportStream.cpp
         MPEG1or2VideoStreamFramer.cpp
         MPEG1or2VideoStreamDiscreteFramer.cpp
         MPEG1or2VideoRTPSource.cpp
         MPEG1or2VideoRTPSink.cpp
         MPEG1or2VideoFileServerMediaSubsession.cpp
         MPEG1or2FileServerDemux.cpp
         MPEG1or2DemuxedServerMediaSubsession.cpp
         MPEG1or2DemuxedElementaryStream.cpp
         MPEG1or2Demux.cpp
         MPEG1or2AudioStreamFramer.cpp
         正在生成代码...
         正在编译...
         MPEG1or2AudioRTPSource.cpp
         MPEG1or2AudioRTPSink.cpp
         MP3Transcoder.cpp
         MP3StreamState.cpp
         MP3InternalsHuffmanTable.cpp
         MP3InternalsHuffman.cpp
         MP3Internals.cpp
         MP3FileSource.cpp
         MP3AudioMatroskaFileServerMediaSubsession.cpp
         MP3AudioFileServerMediaSubsession.cpp
         MP3ADUTranscoder.cpp
         MP3ADURTPSource.cpp
         MP3ADURTPSink.cpp
         MP3ADUinterleaving.cpp
         MP3ADUdescriptor.cpp
         MP3ADU.cpp
         MediaSource.cpp
         MediaSink.cpp
         MediaSession.cpp
         Media.cpp
         正在生成代码...
         正在编译...
         MatroskaFileServerMediaSubsession.cpp
         MatroskaFileServerDemux.cpp
         MatroskaFileParser.cpp
         MatroskaFile.cpp
         MatroskaDemuxedTrack.cpp
         Locale.cpp
         JPEGVideoSource.cpp
         JPEGVideoRTPSource.cpp
         JPEGVideoRTPSink.cpp
         InputFile.cpp
         H265VideoStreamFramer.cpp
         H265VideoStreamDiscreteFramer.cpp
         H265VideoRTPSource.cpp
         H265VideoRTPSink.cpp
         H265VideoFileSink.cpp
         H265VideoFileServerMediaSubsession.cpp
         H264VideoStreamFramer.cpp
         H264VideoStreamDiscreteFramer.cpp
         H264VideoRTPSource.cpp
         H264VideoRTPSink.cpp
         正在生成代码...
         正在编译...
         H264VideoFileSink.cpp
         H264VideoFileServerMediaSubsession.cpp
         H264or5VideoStreamFramer.cpp
     1>c:\github\live555project\livemedia\h264or5videostreamframer.cpp(670): warning C4018: “<”: 有符号/无符号不匹配
         H264or5VideoStreamDiscreteFramer.cpp
         H264or5VideoRTPSink.cpp
         H264or5VideoFileSink.cpp
         H263plusVideoStreamParser.cpp
         H263plusVideoStreamFramer.cpp
         H263plusVideoRTPSource.cpp
         H263plusVideoRTPSink.cpp
         H263plusVideoFileServerMediaSubsession.cpp
         H261VideoRTPSource.cpp
         GSMAudioRTPSink.cpp
         GenericMediaServer.cpp
         FramedSource.cpp
         FramedFilter.cpp
         FramedFileSource.cpp
         FileSink.cpp
         FileServerMediaSubsession.cpp
         EBMLNumber.cpp
         正在生成代码...
         正在编译...
         DVVideoStreamFramer.cpp
         DVVideoRTPSource.cpp
         DVVideoRTPSink.cpp
         DVVideoFileServerMediaSubsession.cpp
         DigestAuthentication.cpp
         DeviceSource.cpp
         ByteStreamMultiFileSource.cpp
         ByteStreamMemoryBufferSource.cpp
         ByteStreamFileSource.cpp
         BitVector.cpp
         BasicUDPSource.cpp
         BasicUDPSink.cpp
         Base64.cpp
         AVIFileSink.cpp
         AudioRTPSink.cpp
         AudioInputDevice.cpp
         AMRAudioSource.cpp
         AMRAudioRTPSource.cpp
         AMRAudioRTPSink.cpp
         AMRAudioFileSource.cpp
         正在生成代码...
         正在编译...
         AMRAudioFileSink.cpp
         AMRAudioFileServerMediaSubsession.cpp
         ADTSAudioFileSource.cpp
         ADTSAudioFileServerMediaSubsession.cpp
         AC3AudioStreamFramer.cpp
         AC3AudioRTPSource.cpp
         AC3AudioRTPSink.cpp
         AC3AudioFileServerMediaSubsession.cpp
         正在生成代码...
         C:\Program Files (x86)\Microsoft Visual Studio 12.0\VC\bin\CL.exe /c /ZI /nologo /W3 /WX- /sdl /Od /Oy- /D WIN32 /D _DEBUG /D _LIB /D _CRT_SECURE_NO_DEPRECATE /D _WINSOCK_DEPRECATED_NO_WARNINGS /D _UNICODE /D UNICODE /Gm /EHsc /RTC1 /MDd /GS /fp:precise /Zc:wchar_t /Zc:forScope /Fo"Debug\\" /Fd"Debug\vc120.pdb" /Gd /TC /analyze- /errorReport:prompt rtcp_from_spec.c
         rtcp_from_spec.c
       Lib:
         C:\Program Files (x86)\Microsoft Visual Studio 12.0\VC\bin\Lib.exe /OUT:"C:\GitHub\live555project\Debug\liveMedia.lib" /NOLOGO Debug\AC3AudioFileServerMediaSubsession.obj
         Debug\AC3AudioRTPSink.obj
         Debug\AC3AudioRTPSource.obj
         Debug\AC3AudioStreamFramer.obj
         Debug\ADTSAudioFileServerMediaSubsession.obj
         Debug\ADTSAudioFileSource.obj
         Debug\AMRAudioFileServerMediaSubsession.obj
         Debug\AMRAudioFileSink.obj
         Debug\AMRAudioFileSource.obj
         Debug\AMRAudioRTPSink.obj
         Debug\AMRAudioRTPSource.obj
         Debug\AMRAudioSource.obj
         Debug\AudioInputDevice.obj
         Debug\AudioRTPSink.obj
         Debug\AVIFileSink.obj
         Debug\Base64.obj
         Debug\BasicUDPSink.obj
         Debug\BasicUDPSource.obj
         Debug\BitVector.obj
         Debug\ByteStreamFileSource.obj
         Debug\ByteStreamMemoryBufferSource.obj
         Debug\ByteStreamMultiFileSource.obj
         Debug\DeviceSource.obj
         Debug\DigestAuthentication.obj
         Debug\DVVideoFileServerMediaSubsession.obj
         Debug\DVVideoRTPSink.obj
         Debug\DVVideoRTPSource.obj
         Debug\DVVideoStreamFramer.obj
         Debug\EBMLNumber.obj
         Debug\FileServerMediaSubsession.obj
         Debug\FileSink.obj
         Debug\FramedFileSource.obj
         Debug\FramedFilter.obj
         Debug\FramedSource.obj
         Debug\GenericMediaServer.obj
         Debug\GSMAudioRTPSink.obj
         Debug\H261VideoRTPSource.obj
         Debug\H263plusVideoFileServerMediaSubsession.obj
         Debug\H263plusVideoRTPSink.obj
         Debug\H263plusVideoRTPSource.obj
         Debug\H263plusVideoStreamFramer.obj
         Debug\H263plusVideoStreamParser.obj
         Debug\H264or5VideoFileSink.obj
         Debug\H264or5VideoRTPSink.obj
         Debug\H264or5VideoStreamDiscreteFramer.obj
         Debug\H264or5VideoStreamFramer.obj
         Debug\H264VideoFileServerMediaSubsession.obj
         Debug\H264VideoFileSink.obj
         Debug\H264VideoRTPSink.obj
         Debug\H264VideoRTPSource.obj
         Debug\H264VideoStreamDiscreteFramer.obj
         Debug\H264VideoStreamFramer.obj
         Debug\H265VideoFileServerMediaSubsession.obj
         Debug\H265VideoFileSink.obj
         Debug\H265VideoRTPSink.obj
         Debug\H265VideoRTPSource.obj
         Debug\H265VideoStreamDiscreteFramer.obj
         Debug\H265VideoStreamFramer.obj
         Debug\InputFile.obj
         Debug\JPEGVideoRTPSink.obj
         Debug\JPEGVideoRTPSource.obj
         Debug\JPEGVideoSource.obj
         Debug\Locale.obj
         Debug\MatroskaDemuxedTrack.obj
         Debug\MatroskaFile.obj
         Debug\MatroskaFileParser.obj
         Debug\MatroskaFileServerDemux.obj
         Debug\MatroskaFileServerMediaSubsession.obj
         Debug\Media.obj
         Debug\MediaSession.obj
         Debug\MediaSink.obj
         Debug\MediaSource.obj
         Debug\MP3ADU.obj
         Debug\MP3ADUdescriptor.obj
         Debug\MP3ADUinterleaving.obj
         Debug\MP3ADURTPSink.obj
         Debug\MP3ADURTPSource.obj
         Debug\MP3ADUTranscoder.obj
         Debug\MP3AudioFileServerMediaSubsession.obj
         Debug\MP3AudioMatroskaFileServerMediaSubsession.obj
         Debug\MP3FileSource.obj
         Debug\MP3Internals.obj
         Debug\MP3InternalsHuffman.obj
         Debug\MP3InternalsHuffmanTable.obj
         Debug\MP3StreamState.obj
         Debug\MP3Transcoder.obj
         Debug\MPEG1or2AudioRTPSink.obj
         Debug\MPEG1or2AudioRTPSource.obj
         Debug\MPEG1or2AudioStreamFramer.obj
         Debug\MPEG1or2Demux.obj
         Debug\MPEG1or2DemuxedElementaryStream.obj
         Debug\MPEG1or2DemuxedServerMediaSubsession.obj
         Debug\MPEG1or2FileServerDemux.obj
         Debug\MPEG1or2VideoFileServerMediaSubsession.obj
         Debug\MPEG1or2VideoRTPSink.obj
         Debug\MPEG1or2VideoRTPSource.obj
         Debug\MPEG1or2VideoStreamDiscreteFramer.obj
         Debug\MPEG1or2VideoStreamFramer.obj
         Debug\MPEG2IndexFromTransportStream.obj
         Debug\MPEG2TransportFileServerMediaSubsession.obj
         Debug\MPEG2TransportStreamAccumulator.obj
         Debug\MPEG2TransportStreamFramer.obj
         Debug\MPEG2TransportStreamFromESSource.obj
         Debug\MPEG2TransportStreamFromPESSource.obj
         Debug\MPEG2TransportStreamIndexFile.obj
         Debug\MPEG2TransportStreamMultiplexor.obj
         Debug\MPEG2TransportStreamTrickModeFilter.obj
         Debug\MPEG2TransportUDPServerMediaSubsession.obj
         Debug\MPEG4ESVideoRTPSink.obj
         Debug\MPEG4ESVideoRTPSource.obj
         Debug\MPEG4GenericRTPSink.obj
         Debug\MPEG4GenericRTPSource.obj
         Debug\MPEG4LATMAudioRTPSink.obj
         Debug\MPEG4LATMAudioRTPSource.obj
         Debug\MPEG4VideoFileServerMediaSubsession.obj
         Debug\MPEG4VideoStreamDiscreteFramer.obj
         Debug\MPEG4VideoStreamFramer.obj
         Debug\MPEGVideoStreamFramer.obj
         Debug\MPEGVideoStreamParser.obj
         Debug\MultiFramedRTPSink.obj
         Debug\MultiFramedRTPSource.obj
         Debug\OggDemuxedTrack.obj
         Debug\OggFile.obj
         Debug\OggFileParser.obj
         Debug\OggFileServerDemux.obj
         Debug\OggFileServerMediaSubsession.obj
         Debug\OggFileSink.obj
         Debug\OnDemandServerMediaSubsession.obj
         Debug\ourMD5.obj
         Debug\OutputFile.obj
         Debug\PassiveServerMediaSubsession.obj
         Debug\ProxyServerMediaSession.obj
         Debug\QCELPAudioRTPSource.obj
         Debug\QuickTimeFileSink.obj
         Debug\QuickTimeGenericRTPSource.obj
         Debug\RawVideoRTPSink.obj
         Debug\RawVideoRTPSource.obj
         Debug\RTCP.obj
         Debug\rtcp_from_spec.obj
         Debug\RTPInterface.obj
         Debug\RTPSink.obj
         Debug\RTPSource.obj
         Debug\RTSPClient.obj
         Debug\RTSPCommon.obj
         Debug\RTSPRegisterSender.obj
         Debug\RTSPServer.obj
         Debug\RTSPServerRegister.obj
         Debug\RTSPServerSupportingHTTPStreaming.obj
         Debug\ServerMediaSession.obj
         Debug\SimpleRTPSink.obj
         Debug\SimpleRTPSource.obj
         Debug\SIPClient.obj
         Debug\StreamParser.obj
         Debug\StreamReplicator.obj
         Debug\T140TextRTPSink.obj
         Debug\TCPStreamSink.obj
         Debug\TextRTPSink.obj
         Debug\TheoraVideoRTPSink.obj
         Debug\TheoraVideoRTPSource.obj
         Debug\uLawAudioFilter.obj
         Debug\VideoRTPSink.obj
         Debug\VorbisAudioRTPSink.obj
         Debug\VorbisAudioRTPSource.obj
         Debug\VP8VideoRTPSink.obj
         Debug\VP8VideoRTPSource.obj
         Debug\VP9VideoRTPSink.obj
         Debug\VP9VideoRTPSource.obj
         Debug\WAVAudioFileServerMediaSubsession.obj
         Debug\WAVAudioFileSource.obj
         liveMedia.vcxproj -> C:\GitHub\live555project\Debug\liveMedia.lib
     1>已完成生成项目“C:\GitHub\live555project\liveMedia\liveMedia.vcxproj”(Rebuild 个目标)的操作。

生成成功。

已用时间 00:00:50.09
